2024-12-18 01:00:34,652 [INFO] No cookies found, proceeding with login.
2024-12-18 01:00:34,813 [INFO] HTTP Request: GET https://x.com "HTTP/1.1 200 OK"
2024-12-18 01:00:34,965 [INFO] HTTP Request: GET https://twitter.com/x/migrate?tok=7b2265223a222f222c2274223a313733343435313233347d208c96430b51be8a0703cd46ca503647 "HTTP/1.1 200 OK"
2024-12-18 01:00:35,108 [INFO] HTTP Request: POST https://x.com/x/migrate/?mx=2 "HTTP/1.1 200 OK"
2024-12-18 01:00:35,353 [INFO] HTTP Request: GET https://abs.twimg.com/responsive-web/client-web/ondemand.s.896b38ca.js "HTTP/1.1 200 OK"
2024-12-18 01:00:35,459 [INFO] HTTP Request: GET https://x.com/i/api/graphql/HjsWc-nwwHKYwHenbHm-tw/ListLatestTweetsTimeline?variables=%7B%22listId%22%3A+%221868951909450854486%22%2C+%22count%22%3A+20%7D&features=%7B%22creator_subscriptions_tweet_preview_api_enabled%22%3A+true%2C+%22c9s_tweet_anatomy_moderator_badge_enabled%22%3A+true%2C+%22tweetypie_unmention_optimization_enabled%22%3A+true%2C+%22responsive_web_edit_tweet_api_enabled%22%3A+true%2C+%22graphql_is_translatable_rweb_tweet_is_translatable_enabled%22%3A+true%2C+%22view_counts_everywhere_api_enabled%22%3A+true%2C+%22longform_notetweets_consumption_enabled%22%3A+true%2C+%22responsive_web_twitter_article_tweet_consumption_enabled%22%3A+true%2C+%22tweet_awards_web_tipping_enabled%22%3A+false%2C+%22longform_notetweets_rich_text_read_enabled%22%3A+true%2C+%22longform_notetweets_inline_media_enabled%22%3A+true%2C+%22rweb_video_timestamps_enabled%22%3A+true%2C+%22responsive_web_graphql_exclude_directive_enabled%22%3A+true%2C+%22verified_phone_label_enabled%22%3A+false%2C+%22freedom_of_speech_not_reach_fetch_enabled%22%3A+true%2C+%22standardized_nudges_misinfo%22%3A+true%2C+%22tweet_with_visibility_results_prefer_gql_limited_actions_policy_enabled%22%3A+true%2C+%22responsive_web_media_download_video_enabled%22%3A+false%2C+%22responsive_web_graphql_skip_user_profile_image_extensions_enabled%22%3A+false%2C+%22responsive_web_graphql_timeline_navigation_enabled%22%3A+true%2C+%22responsive_web_enhance_cards_enabled%22%3A+false%7D "HTTP/1.1 403 Forbidden"
2024-12-18 01:00:35,459 [ERROR] ツイート取得中にエラーが発生しました。
2024-12-18 01:00:35,459 [ERROR] status: 403, message: ""
Traceback (most recent call last):
  File "c:\Users\rodsk\Desktop\Project1\test2.py", line 74, in monitor_list_posts
    posts = await client.get_list_tweets(list_id=LIST_ID, count=20)
            ^^^^^^^^^^^^^^^^^^^^^^^^^^^^^^^^^^^^^^^^^^^^^^^^^^^^^^^
  File "C:\Users\rodsk\AppData\Local\Packages\PythonSoftwareFoundation.Python.3.11_qbz5n2kfra8p0\LocalCache\local-packages\Python311\site-packages\twikit\client\client.py", line 3533, in get_list_tweets
    response, _ = await self.gql.list_latest_tweets_timeline(list_id, count, cursor)
                  ^^^^^^^^^^^^^^^^^^^^^^^^^^^^^^^^^^^^^^^^^^^^^^^^^^^^^^^^^^^^^^^^^^
  File "C:\Users\rodsk\AppData\Local\Packages\PythonSoftwareFoundation.Python.3.11_qbz5n2kfra8p0\LocalCache\local-packages\Python311\site-packages\twikit\client\gql.py", line 571, in list_latest_tweets_timeline
    return await self.gql_get(Endpoint.LIST_LATEST_TWEETS_TIMELINE, variables, FEATURES)
           ^^^^^^^^^^^^^^^^^^^^^^^^^^^^^^^^^^^^^^^^^^^^^^^^^^^^^^^^^^^^^^^^^^^^^^^^^^^^^
  File "C:\Users\rodsk\AppData\Local\Packages\PythonSoftwareFoundation.Python.3.11_qbz5n2kfra8p0\LocalCache\local-packages\Python311\site-packages\twikit\client\gql.py", line 122, in gql_get
    return await self.base.get(url, params=flatten_params(params), headers=headers, **kwargs)
           ^^^^^^^^^^^^^^^^^^^^^^^^^^^^^^^^^^^^^^^^^^^^^^^^^^^^^^^^^^^^^^^^^^^^^^^^^^^^^^^^^^
  File "C:\Users\rodsk\AppData\Local\Packages\PythonSoftwareFoundation.Python.3.11_qbz5n2kfra8p0\LocalCache\local-packages\Python311\site-packages\twikit\client\client.py", line 210, in get
    return await self.request('GET', url, **kwargs)
           ^^^^^^^^^^^^^^^^^^^^^^^^^^^^^^^^^^^^^^^^
  File "C:\Users\rodsk\AppData\Local\Packages\PythonSoftwareFoundation.Python.3.11_qbz5n2kfra8p0\LocalCache\local-packages\Python311\site-packages\twikit\client\client.py", line 189, in request
    raise Forbidden(message, headers=response.headers)
twikit.errors.Forbidden: status: 403, message: ""
2024-12-18 01:01:35,619 [INFO] HTTP Request: GET https://x.com/i/api/graphql/HjsWc-nwwHKYwHenbHm-tw/ListLatestTweetsTimeline?variables=%7B%22listId%22%3A+%221868951909450854486%22%2C+%22count%22%3A+20%7D&features=%7B%22creator_subscriptions_tweet_preview_api_enabled%22%3A+true%2C+%22c9s_tweet_anatomy_moderator_badge_enabled%22%3A+true%2C+%22tweetypie_unmention_optimization_enabled%22%3A+true%2C+%22responsive_web_edit_tweet_api_enabled%22%3A+true%2C+%22graphql_is_translatable_rweb_tweet_is_translatable_enabled%22%3A+true%2C+%22view_counts_everywhere_api_enabled%22%3A+true%2C+%22longform_notetweets_consumption_enabled%22%3A+true%2C+%22responsive_web_twitter_article_tweet_consumption_enabled%22%3A+true%2C+%22tweet_awards_web_tipping_enabled%22%3A+false%2C+%22longform_notetweets_rich_text_read_enabled%22%3A+true%2C+%22longform_notetweets_inline_media_enabled%22%3A+true%2C+%22rweb_video_timestamps_enabled%22%3A+true%2C+%22responsive_web_graphql_exclude_directive_enabled%22%3A+true%2C+%22verified_phone_label_enabled%22%3A+false%2C+%22freedom_of_speech_not_reach_fetch_enabled%22%3A+true%2C+%22standardized_nudges_misinfo%22%3A+true%2C+%22tweet_with_visibility_results_prefer_gql_limited_actions_policy_enabled%22%3A+true%2C+%22responsive_web_media_download_video_enabled%22%3A+false%2C+%22responsive_web_graphql_skip_user_profile_image_extensions_enabled%22%3A+false%2C+%22responsive_web_graphql_timeline_navigation_enabled%22%3A+true%2C+%22responsive_web_enhance_cards_enabled%22%3A+false%7D "HTTP/1.1 403 Forbidden"
2024-12-18 01:01:35,620 [ERROR] ツイート取得中にエラーが発生しました。
2024-12-18 01:01:35,620 [ERROR] status: 403, message: ""
Traceback (most recent call last):
  File "c:\Users\rodsk\Desktop\Project1\test2.py", line 74, in monitor_list_posts
    posts = await client.get_list_tweets(list_id=LIST_ID, count=20)
            ^^^^^^^^^^^^^^^^^^^^^^^^^^^^^^^^^^^^^^^^^^^^^^^^^^^^^^^
  File "C:\Users\rodsk\AppData\Local\Packages\PythonSoftwareFoundation.Python.3.11_qbz5n2kfra8p0\LocalCache\local-packages\Python311\site-packages\twikit\client\client.py", line 3533, in get_list_tweets
    response, _ = await self.gql.list_latest_tweets_timeline(list_id, count, cursor)
                  ^^^^^^^^^^^^^^^^^^^^^^^^^^^^^^^^^^^^^^^^^^^^^^^^^^^^^^^^^^^^^^^^^^
  File "C:\Users\rodsk\AppData\Local\Packages\PythonSoftwareFoundation.Python.3.11_qbz5n2kfra8p0\LocalCache\local-packages\Python311\site-packages\twikit\client\gql.py", line 571, in list_latest_tweets_timeline
    return await self.gql_get(Endpoint.LIST_LATEST_TWEETS_TIMELINE, variables, FEATURES)
           ^^^^^^^^^^^^^^^^^^^^^^^^^^^^^^^^^^^^^^^^^^^^^^^^^^^^^^^^^^^^^^^^^^^^^^^^^^^^^
  File "C:\Users\rodsk\AppData\Local\Packages\PythonSoftwareFoundation.Python.3.11_qbz5n2kfra8p0\LocalCache\local-packages\Python311\site-packages\twikit\client\gql.py", line 122, in gql_get
    return await self.base.get(url, params=flatten_params(params), headers=headers, **kwargs)
           ^^^^^^^^^^^^^^^^^^^^^^^^^^^^^^^^^^^^^^^^^^^^^^^^^^^^^^^^^^^^^^^^^^^^^^^^^^^^^^^^^^
  File "C:\Users\rodsk\AppData\Local\Packages\PythonSoftwareFoundation.Python.3.11_qbz5n2kfra8p0\LocalCache\local-packages\Python311\site-packages\twikit\client\client.py", line 210, in get
    return await self.request('GET', url, **kwargs)
           ^^^^^^^^^^^^^^^^^^^^^^^^^^^^^^^^^^^^^^^^
  File "C:\Users\rodsk\AppData\Local\Packages\PythonSoftwareFoundation.Python.3.11_qbz5n2kfra8p0\LocalCache\local-packages\Python311\site-packages\twikit\client\client.py", line 189, in request
    raise Forbidden(message, headers=response.headers)
twikit.errors.Forbidden: status: 403, message: ""
2024-12-18 01:01:54,541 [INFO] Cookies loaded.
2024-12-18 01:01:54,694 [INFO] HTTP Request: GET https://x.com "HTTP/1.1 200 OK"
2024-12-18 01:01:54,860 [INFO] HTTP Request: GET https://twitter.com/x/migrate?tok=7b2265223a222f222c2274223a313733343435313331347d5529197a9afbe1e56ff242bcb3e57b17 "HTTP/1.1 200 OK"
2024-12-18 01:01:54,989 [INFO] HTTP Request: POST https://x.com/x/migrate/?mx=2 "HTTP/1.1 200 OK"
2024-12-18 01:01:55,250 [INFO] HTTP Request: GET https://abs.twimg.com/responsive-web/client-web/ondemand.s.896b38ca.js "HTTP/1.1 200 OK"
2024-12-18 01:01:55,356 [INFO] HTTP Request: GET https://x.com/i/api/graphql/HjsWc-nwwHKYwHenbHm-tw/ListLatestTweetsTimeline?variables=%7B%22listId%22%3A+%221868951909450854486%22%2C+%22count%22%3A+20%7D&features=%7B%22creator_subscriptions_tweet_preview_api_enabled%22%3A+true%2C+%22c9s_tweet_anatomy_moderator_badge_enabled%22%3A+true%2C+%22tweetypie_unmention_optimization_enabled%22%3A+true%2C+%22responsive_web_edit_tweet_api_enabled%22%3A+true%2C+%22graphql_is_translatable_rweb_tweet_is_translatable_enabled%22%3A+true%2C+%22view_counts_everywhere_api_enabled%22%3A+true%2C+%22longform_notetweets_consumption_enabled%22%3A+true%2C+%22responsive_web_twitter_article_tweet_consumption_enabled%22%3A+true%2C+%22tweet_awards_web_tipping_enabled%22%3A+false%2C+%22longform_notetweets_rich_text_read_enabled%22%3A+true%2C+%22longform_notetweets_inline_media_enabled%22%3A+true%2C+%22rweb_video_timestamps_enabled%22%3A+true%2C+%22responsive_web_graphql_exclude_directive_enabled%22%3A+true%2C+%22verified_phone_label_enabled%22%3A+false%2C+%22freedom_of_speech_not_reach_fetch_enabled%22%3A+true%2C+%22standardized_nudges_misinfo%22%3A+true%2C+%22tweet_with_visibility_results_prefer_gql_limited_actions_policy_enabled%22%3A+true%2C+%22responsive_web_media_download_video_enabled%22%3A+false%2C+%22responsive_web_graphql_skip_user_profile_image_extensions_enabled%22%3A+false%2C+%22responsive_web_graphql_timeline_navigation_enabled%22%3A+true%2C+%22responsive_web_enhance_cards_enabled%22%3A+false%7D "HTTP/1.1 403 Forbidden"
2024-12-18 01:01:55,357 [ERROR] ツイート取得中にエラーが発生しました。
2024-12-18 01:01:55,358 [ERROR] status: 403, message: ""
Traceback (most recent call last):
  File "c:\Users\rodsk\Desktop\Project1\test2.py", line 74, in monitor_list_posts
    posts = await client.get_list_tweets(list_id=LIST_ID, count=20)
            ^^^^^^^^^^^^^^^^^^^^^^^^^^^^^^^^^^^^^^^^^^^^^^^^^^^^^^^
  File "C:\Users\rodsk\AppData\Local\Packages\PythonSoftwareFoundation.Python.3.11_qbz5n2kfra8p0\LocalCache\local-packages\Python311\site-packages\twikit\client\client.py", line 3533, in get_list_tweets
    response, _ = await self.gql.list_latest_tweets_timeline(list_id, count, cursor)
                  ^^^^^^^^^^^^^^^^^^^^^^^^^^^^^^^^^^^^^^^^^^^^^^^^^^^^^^^^^^^^^^^^^^
  File "C:\Users\rodsk\AppData\Local\Packages\PythonSoftwareFoundation.Python.3.11_qbz5n2kfra8p0\LocalCache\local-packages\Python311\site-packages\twikit\client\gql.py", line 571, in list_latest_tweets_timeline
    return await self.gql_get(Endpoint.LIST_LATEST_TWEETS_TIMELINE, variables, FEATURES)
           ^^^^^^^^^^^^^^^^^^^^^^^^^^^^^^^^^^^^^^^^^^^^^^^^^^^^^^^^^^^^^^^^^^^^^^^^^^^^^
  File "C:\Users\rodsk\AppData\Local\Packages\PythonSoftwareFoundation.Python.3.11_qbz5n2kfra8p0\LocalCache\local-packages\Python311\site-packages\twikit\client\gql.py", line 122, in gql_get
    return await self.base.get(url, params=flatten_params(params), headers=headers, **kwargs)
           ^^^^^^^^^^^^^^^^^^^^^^^^^^^^^^^^^^^^^^^^^^^^^^^^^^^^^^^^^^^^^^^^^^^^^^^^^^^^^^^^^^
  File "C:\Users\rodsk\AppData\Local\Packages\PythonSoftwareFoundation.Python.3.11_qbz5n2kfra8p0\LocalCache\local-packages\Python311\site-packages\twikit\client\client.py", line 210, in get
    return await self.request('GET', url, **kwargs)
           ^^^^^^^^^^^^^^^^^^^^^^^^^^^^^^^^^^^^^^^^
  File "C:\Users\rodsk\AppData\Local\Packages\PythonSoftwareFoundation.Python.3.11_qbz5n2kfra8p0\LocalCache\local-packages\Python311\site-packages\twikit\client\client.py", line 189, in request
    raise Forbidden(message, headers=response.headers)
twikit.errors.Forbidden: status: 403, message: ""
